<?xml version="1.0" encoding="UTF-8"?>
<!-- Generated by org.testng.reporters.JUnitXMLReporter -->
<testsuite ignored="1" hostname="Reshmas-MacBook-Air.local" failures="0" tests="1" name="dashboard" time="5.167" errors="0" timestamp="2024-11-27T10:33:56 IST">
  <testcase classname="com.sevenmartsupermarkert.tests.DashBoardTest" name="dashBoards" time="1.265"/>
  <testcase classname="com.sevenmartsupermarkert.tests.DashBoardTest" name="textOfDashboardFooter" time="0.0">
    <ignored/>
  </testcase> <!-- textOfDashboardFooter -->
</testsuite> <!-- dashboard -->
