<?xml version="1.0" encoding="UTF-8"?>
<!-- Generated by org.testng.reporters.JUnitXMLReporter -->
<testsuite ignored="0" hostname="Reshmas-MacBook-Air.local" failures="0" tests="2" name="DashboardTest" time="9.411" errors="0" timestamp="2024-11-25T08:17:31 IST">
  <testcase classname="com.sevenmartsupermarkert.tests.DashBoardTest" name="dashBoards" time="1.535"/>
  <testcase classname="com.sevenmartsupermarkert.tests.DashBoardTest" name="textOfDashboardFooter" time="1.427"/>
</testsuite> <!-- DashboardTest -->
