<?xml version="1.0" encoding="UTF-8"?>
<!-- Generated by org.testng.reporters.JUnitXMLReporter -->
<testsuite ignored="0" hostname="Reshmas-MacBook-Air.local" failures="0" tests="1" name="Running in edge" time="19.637" errors="0" timestamp="2024-11-26T07:34:42 IST">
  <testcase classname="com.sevenmartsupermarkert.base.Base" name="@BeforeMethod launchBrowser" time="1.354">
    <failure type="org.openqa.selenium.SessionNotCreatedException" message="Could not start a new session. Response code 500. Message: Could not create a session: You must enable &amp;apos;Allow remote automation&amp;apos; in the Developer section of Safari Settings to control Safari via WebDriver. 
Host info: host: &amp;apos;Reshmas-MacBook-Air.local&amp;apos;, ip: &amp;apos;fe80:0:0:0:14a8:b2ed:eee2:7d92%en0&amp;apos;
Build info: version: &amp;apos;4.10.0&amp;apos;, revision: &amp;apos;c14d967899&amp;apos;
System info: os.name: &amp;apos;Mac OS X&amp;apos;, os.arch: &amp;apos;aarch64&amp;apos;, os.version: &amp;apos;14.6.1&amp;apos;, java.version: &amp;apos;17.0.12&amp;apos;
Driver info: org.openqa.selenium.safari.SafariDriver
Command: [null, newSession {capabilities=[Capabilities {browserName: safari}]}]
Capabilities {browserName: safari}">
      <![CDATA[org.openqa.selenium.SessionNotCreatedException: Could not start a new session. Response code 500. Message: Could not create a session: You must enable 'Allow remote automation' in the Developer section of Safari Settings to control Safari via WebDriver. 
Host info: host: 'Reshmas-MacBook-Air.local', ip: 'fe80:0:0:0:14a8:b2ed:eee2:7d92%en0'
Build info: version: '4.10.0', revision: 'c14d967899'
System info: os.name: 'Mac OS X', os.arch: 'aarch64', os.version: '14.6.1', java.version: '17.0.12'
Driver info: org.openqa.selenium.safari.SafariDriver
Command: [null, newSession {capabilities=[Capabilities {browserName: safari}]}]
Capabilities {browserName: safari}
at org.openqa.selenium.remote.ProtocolHandshake.createSession(ProtocolHandshake.java:140)
at org.openqa.selenium.remote.ProtocolHandshake.createSession(ProtocolHandshake.java:96)
at org.openqa.selenium.remote.ProtocolHandshake.createSession(ProtocolHandshake.java:68)
at org.openqa.selenium.remote.HttpCommandExecutor.execute(HttpCommandExecutor.java:163)
at org.openqa.selenium.remote.service.DriverCommandExecutor.invokeExecute(DriverCommandExecutor.java:196)
at org.openqa.selenium.remote.service.DriverCommandExecutor.execute(DriverCommandExecutor.java:171)
at org.openqa.selenium.remote.RemoteWebDriver.execute(RemoteWebDriver.java:531)
at org.openqa.selenium.remote.RemoteWebDriver.startSession(RemoteWebDriver.java:227)
at org.openqa.selenium.remote.RemoteWebDriver.<init>(RemoteWebDriver.java:154)
at org.openqa.selenium.safari.SafariDriver.<init>(SafariDriver.java:83)
at org.openqa.selenium.safari.SafariDriver.<init>(SafariDriver.java:79)
at org.openqa.selenium.safari.SafariDriver.<init>(SafariDriver.java:56)
at org.openqa.selenium.safari.SafariDriver.<init>(SafariDriver.java:47)
at com.sevenmartsupermarkert.base.Base.initialize(Base.java:61)
at com.sevenmartsupermarkert.base.Base.launchBrowser(Base.java:79)
at java.base/java.util.ArrayList.forEach(ArrayList.java:1511)
at java.base/java.util.concurrent.FutureTask.run(FutureTask.java:264)
at java.base/java.util.concurrent.ThreadPoolExecutor.runWorker(ThreadPoolExecutor.java:1136)
at java.base/java.util.concurrent.ThreadPoolExecutor$Worker.run(ThreadPoolExecutor.java:635)
at java.base/java.lang.Thread.run(Thread.java:840)
... Removed 21 stack frames]]>
    </failure>
  </testcase> <!-- @BeforeMethod launchBrowser -->
  <testcase classname="com.sevenmartsupermarkert.base.Base" name="@AfterMethod terminateSession" time="0.0">
    <skipped/>
  </testcase> <!-- @AfterMethod terminateSession -->
  <testcase classname="com.sevenmartsupermarkert.tests.LoginTest" name="verifyAdminUserLogin" time="0.0">
    <skipped/>
  </testcase> <!-- verifyAdminUserLogin -->
</testsuite> <!-- Running in edge -->
